[2019-06-20 17:37:03.645952] [NOTICE] [main] start thread main
[2019-06-20 17:37:03.646131] [NOTICE] [net_M_1] init net
[2019-06-20 17:37:03.646178] [NOTICE] [net_L_0] init net
[2019-06-20 17:37:03.646253] [NOTICE] [net_M_2] init net
[2019-06-20 17:37:03.646296] [NOTICE] [net_R_3] init net
[2019-06-20 17:37:03.646322] [NOTICE] [net_Profiler_4] init net
[2019-06-20 17:37:03.646392] [NOTICE] [net_smx_profiler_5] init net
[2019-06-20 17:37:03.646493] [NOTICE] [net_Profiler_4] start net
[2019-06-20 17:37:03.646508] [NOTICE] [net_M_1] start net
[2019-06-20 17:37:03.646523] [NOTICE] [net_smx_profiler_5] start net
[2019-06-20 17:37:03.646534] [NOTICE] [net_R_3] start net
[2019-06-20 17:37:03.646543] [NOTICE] [net_M_2] start net
[2019-06-20 17:37:03.646553] [NOTICE] [net_L_0] start net
[2019-06-20 17:37:03.646581] [NOTICE] [net_Profiler_4] send termination notice to neighbours
[2019-06-20 17:37:03.646616] [NOTICE] [net_Profiler_4] cleanup net
[2019-06-20 17:37:03.646623] [NOTICE] [net_smx_profiler_5] send termination notice to neighbours
[2019-06-20 17:37:03.646633] [NOTICE] [net_Profiler_4] terminate net
[2019-06-20 17:37:03.646682] [NOTICE] [net_smx_profiler_5] cleanup net
[2019-06-20 17:37:03.646701] [NOTICE] [net_smx_profiler_5] terminate net
[2019-06-20 17:37:03.852002] [NOTICE] [net_L_0] send termination notice to neighbours
[2019-06-20 17:37:03.852049] [NOTICE] [net_L_0] cleanup net
[2019-06-20 17:37:03.852061] [NOTICE] [net_L_0] terminate net
[2019-06-20 17:37:03.852083] [NOTICE] [net_M_1] send termination notice to neighbours
[2019-06-20 17:37:03.852124] [NOTICE] [net_M_1] cleanup net
[2019-06-20 17:37:03.852133] [NOTICE] [net_M_1] terminate net
[2019-06-20 17:37:03.852146] [NOTICE] [net_M_2] send termination notice to neighbours
[2019-06-20 17:37:03.852168] [NOTICE] [net_M_2] cleanup net
[2019-06-20 17:37:03.852175] [NOTICE] [net_R_3] send termination notice to neighbours
[2019-06-20 17:37:03.852183] [NOTICE] [net_M_2] terminate net
[2019-06-20 17:37:03.852190] [NOTICE] [net_R_3] cleanup net
[2019-06-20 17:37:03.852225] [NOTICE] [net_R_3] terminate net
[2019-06-20 17:37:03.852280] [NOTICE] [main] end main thread
[2019-06-21 10:20:24.098530] [NOTICE] [main] start thread main
[2019-06-21 10:20:24.098949] [NOTICE] [net_L_0] init net
[2019-06-21 10:20:24.099095] [NOTICE] [net_M_1] init net
[2019-06-21 10:20:24.099251] [NOTICE] [net_M_2] init net
[2019-06-21 10:20:24.099402] [NOTICE] [net_R_3] init net
[2019-06-21 10:20:24.099555] [NOTICE] [net_Profiler_4] init net
[2019-06-21 10:20:24.099760] [NOTICE] [net_smx_profiler_5] init net
[2019-06-21 10:20:24.100067] [NOTICE] [net_Profiler_4] start net
[2019-06-21 10:20:24.100119] [NOTICE] [net_smx_profiler_5] start net
[2019-06-21 10:20:24.100196] [NOTICE] [net_L_0] start net
[2019-06-21 10:20:24.100248] [NOTICE] [net_R_3] start net
[2019-06-21 10:20:24.100284] [NOTICE] [net_M_1] start net
[2019-06-21 10:20:24.100357] [NOTICE] [net_M_2] start net
[2019-06-21 10:20:24.100675] [NOTICE] [net_smx_profiler_5] send termination notice to neighbours
[2019-06-21 10:20:24.100759] [NOTICE] [net_smx_profiler_5] cleanup net
[2019-06-21 10:20:24.100798] [NOTICE] [net_Profiler_4] send termination notice to neighbours
[2019-06-21 10:20:24.100838] [NOTICE] [net_smx_profiler_5] terminate net
[2019-06-21 10:20:24.100887] [NOTICE] [net_Profiler_4] cleanup net
[2019-06-21 10:20:24.100987] [NOTICE] [net_Profiler_4] terminate net
[2019-06-21 10:20:24.329948] [NOTICE] [net_L_0] send termination notice to neighbours
[2019-06-21 10:20:24.329996] [NOTICE] [net_L_0] cleanup net
[2019-06-21 10:20:24.330009] [NOTICE] [net_L_0] terminate net
[2019-06-21 10:20:24.330033] [NOTICE] [net_M_1] send termination notice to neighbours
[2019-06-21 10:20:24.330068] [NOTICE] [net_M_1] cleanup net
[2019-06-21 10:20:24.330077] [NOTICE] [net_M_1] terminate net
[2019-06-21 10:20:24.330089] [NOTICE] [net_M_2] send termination notice to neighbours
[2019-06-21 10:20:24.330112] [NOTICE] [net_M_2] cleanup net
[2019-06-21 10:20:24.330120] [NOTICE] [net_R_3] send termination notice to neighbours
[2019-06-21 10:20:24.330129] [NOTICE] [net_M_2] terminate net
[2019-06-21 10:20:24.330144] [NOTICE] [net_R_3] cleanup net
[2019-06-21 10:20:24.330163] [NOTICE] [net_R_3] terminate net
[2019-06-21 10:20:24.330212] [NOTICE] [main] end main thread
[2019-06-21 11:23:39.629006] [NOTICE] [main] start thread main
[2019-06-21 11:23:39.629209] [NOTICE] [net_L_0] init net
[2019-06-21 11:23:39.629247] [NOTICE] [net_M_2] init net
[2019-06-21 11:23:39.629274] [NOTICE] [net_R_3] init net
[2019-06-21 11:23:39.629301] [NOTICE] [net_M_1] init net
[2019-06-21 11:23:39.629338] [NOTICE] [net_smx_profiler_5] init net
[2019-06-21 11:23:39.629377] [NOTICE] [net_Profiler_4] init net
[2019-06-21 11:23:39.629460] [NOTICE] [net_M_2] start net
[2019-06-21 11:23:39.629470] [NOTICE] [net_smx_profiler_5] start net
[2019-06-21 11:23:39.629479] [NOTICE] [net_R_3] start net
[2019-06-21 11:23:39.629486] [NOTICE] [net_L_0] start net
[2019-06-21 11:23:39.629496] [NOTICE] [net_Profiler_4] start net
[2019-06-21 11:23:39.629506] [NOTICE] [net_M_1] start net
[2019-06-21 11:23:39.629546] [NOTICE] [net_smx_profiler_5] send termination notice to neighbours
[2019-06-21 11:23:39.629568] [NOTICE] [net_smx_profiler_5] cleanup net
[2019-06-21 11:23:39.629581] [NOTICE] [net_Profiler_4] send termination notice to neighbours
[2019-06-21 11:23:39.629586] [NOTICE] [net_smx_profiler_5] terminate net
[2019-06-21 11:23:39.629609] [NOTICE] [net_Profiler_4] cleanup net
[2019-06-21 11:23:39.629649] [NOTICE] [net_Profiler_4] terminate net
[2019-06-21 11:23:39.828124] [NOTICE] [net_L_0] send termination notice to neighbours
[2019-06-21 11:23:39.828175] [NOTICE] [net_L_0] cleanup net
[2019-06-21 11:23:39.828188] [NOTICE] [net_L_0] terminate net
[2019-06-21 11:23:39.828211] [NOTICE] [net_M_1] send termination notice to neighbours
[2019-06-21 11:23:39.828252] [NOTICE] [net_M_1] cleanup net
[2019-06-21 11:23:39.828262] [NOTICE] [net_M_1] terminate net
[2019-06-21 11:23:39.828274] [NOTICE] [net_M_2] send termination notice to neighbours
[2019-06-21 11:23:39.828297] [NOTICE] [net_M_2] cleanup net
[2019-06-21 11:23:39.828305] [NOTICE] [net_R_3] send termination notice to neighbours
[2019-06-21 11:23:39.828314] [NOTICE] [net_M_2] terminate net
[2019-06-21 11:23:39.828321] [NOTICE] [net_R_3] cleanup net
[2019-06-21 11:23:39.828340] [NOTICE] [net_R_3] terminate net
[2019-06-21 11:23:39.828390] [NOTICE] [main] end main thread
