[2019-06-21 09:25:57.711036] [NOTICE] [main] start thread main
[2019-06-21 09:25:57.711216] [NOTICE] [net_A_0] init net
[2019-06-21 09:25:57.711315] [NOTICE] [net_B_1] init net
[2019-06-21 09:25:57.711342] [ERROR] [net_A_0] invalid box configuartion, no property 'file'
[2019-06-21 09:25:57.711408] [ERROR] [net_B_1] invalid box configuartion, no property 'file'
[2019-06-21 09:25:57.711433] [ERROR] [net_B_1] initialisation of net failed
[2019-06-21 09:25:57.711450] [ERROR] [net_A_0] initialisation of net failed
[2019-06-21 09:25:57.711471] [NOTICE] [net_B_1] send termination notice to neighbours
[2019-06-21 09:25:57.711481] [NOTICE] [net_A_0] send termination notice to neighbours
[2019-06-21 09:25:57.711500] [NOTICE] [net_B_1] cleanup net
[2019-06-21 09:25:57.711514] [NOTICE] [net_B_1] terminate net
[2019-06-21 09:25:57.711523] [NOTICE] [net_A_0] cleanup net
[2019-06-21 09:25:57.711529] [NOTICE] [net_A_0] terminate net
[2019-06-21 09:25:57.711591] [NOTICE] [main] end main thread
[2019-06-21 09:26:33.422532] [NOTICE] [main] start thread main
[2019-06-21 09:26:33.422690] [NOTICE] [net_A_0] init net
[2019-06-21 09:26:33.422750] [NOTICE] [net_B_1] init net
[2019-06-21 09:26:33.422797] [NOTICE] [net_B_1] start net
[2019-06-21 09:26:33.422810] [NOTICE] [net_A_0] start net
[2019-06-21 09:26:33.478840] [NOTICE] [ch_x_0] overwrite tail of fifo
[2019-06-21 09:26:33.499234] [NOTICE] [ch_x_0] overwrite tail of fifo
[2019-06-21 09:26:33.519861] [NOTICE] [ch_x_0] overwrite tail of fifo
[2019-06-21 09:26:33.540873] [NOTICE] [ch_x_0] overwrite tail of fifo
[2019-06-21 09:26:33.561862] [NOTICE] [ch_x_0] overwrite tail of fifo
[2019-06-21 09:26:33.583066] [NOTICE] [ch_x_0] overwrite tail of fifo
[2019-06-21 09:26:33.604260] [NOTICE] [net_A_0] send termination notice to neighbours
[2019-06-21 09:26:33.604328] [NOTICE] [net_A_0] cleanup net
[2019-06-21 09:26:33.604360] [NOTICE] [net_A_0] terminate net
[2019-06-21 09:26:33.630646] [NOTICE] [net_B_1] send termination notice to neighbours
[2019-06-21 09:26:33.630748] [NOTICE] [net_B_1] cleanup net
[2019-06-21 09:26:33.630837] [NOTICE] [net_B_1] terminate net
[2019-06-21 09:26:33.631120] [NOTICE] [main] end main thread
[2019-06-21 10:53:57.637864] [NOTICE] [main] start thread main
[2019-06-21 10:53:57.638022] [NOTICE] [net_A_0] init net
[2019-06-21 10:53:57.638072] [NOTICE] [net_B_1] init net
[2019-06-21 10:53:57.638111] [NOTICE] [net_B_1] start net
[2019-06-21 10:53:57.638122] [NOTICE] [net_A_0] start net
[2019-06-21 10:53:57.668884] [NOTICE] [ch_x_0] overwrite tail of fifo
[2019-06-21 10:53:57.689707] [NOTICE] [ch_x_0] overwrite tail of fifo
[2019-06-21 10:53:57.710494] [NOTICE] [ch_x_0] overwrite tail of fifo
[2019-06-21 10:53:57.731349] [NOTICE] [ch_x_0] overwrite tail of fifo
[2019-06-21 10:53:57.752569] [NOTICE] [ch_x_0] overwrite tail of fifo
[2019-06-21 10:53:57.773391] [NOTICE] [ch_x_0] overwrite tail of fifo
[2019-06-21 10:53:57.794345] [NOTICE] [net_A_0] send termination notice to neighbours
[2019-06-21 10:53:57.794431] [NOTICE] [net_A_0] cleanup net
[2019-06-21 10:53:57.794467] [NOTICE] [net_A_0] terminate net
[2019-06-21 10:53:57.821854] [NOTICE] [net_B_1] send termination notice to neighbours
[2019-06-21 10:53:57.821946] [NOTICE] [net_B_1] cleanup net
[2019-06-21 10:53:57.822086] [NOTICE] [net_B_1] terminate net
[2019-06-21 10:53:57.822341] [NOTICE] [main] end main thread
[2019-06-21 11:21:29.564266] [NOTICE] [main] start thread main
[2019-06-21 11:21:29.564367] [NOTICE] [net_B_1] init net
[2019-06-21 11:21:29.564446] [NOTICE] [net_A_0] init net
[2019-06-21 11:21:29.564468] [NOTICE] [net_A_0] start net
[2019-06-21 11:21:29.564506] [NOTICE] [net_B_1] start net
[2019-06-21 11:21:29.594951] [NOTICE] [ch_x_0] overwrite tail of fifo
[2019-06-21 11:21:29.615613] [NOTICE] [ch_x_0] overwrite tail of fifo
[2019-06-21 11:21:29.636379] [NOTICE] [ch_x_0] overwrite tail of fifo
[2019-06-21 11:21:29.657376] [NOTICE] [ch_x_0] overwrite tail of fifo
[2019-06-21 11:21:29.678315] [NOTICE] [ch_x_0] overwrite tail of fifo
[2019-06-21 11:21:29.699518] [NOTICE] [ch_x_0] overwrite tail of fifo
[2019-06-21 11:21:29.720291] [NOTICE] [net_A_0] send termination notice to neighbours
[2019-06-21 11:21:29.720412] [NOTICE] [net_A_0] cleanup net
[2019-06-21 11:21:29.720449] [NOTICE] [net_A_0] terminate net
[2019-06-21 11:21:29.747651] [NOTICE] [net_B_1] send termination notice to neighbours
[2019-06-21 11:21:29.747742] [NOTICE] [net_B_1] cleanup net
[2019-06-21 11:21:29.747831] [NOTICE] [net_B_1] terminate net
[2019-06-21 11:21:29.748067] [NOTICE] [main] end main thread
[2019-06-21 11:23:40.041734] [NOTICE] [main] start thread main
[2019-06-21 11:23:40.042128] [NOTICE] [net_A_0] init net
[2019-06-21 11:23:40.042287] [NOTICE] [net_B_1] init net
[2019-06-21 11:23:40.042384] [NOTICE] [net_B_1] start net
[2019-06-21 11:23:40.042417] [NOTICE] [net_A_0] start net
[2019-06-21 11:23:40.073278] [NOTICE] [ch_x_0] overwrite tail of fifo
[2019-06-21 11:23:40.093984] [NOTICE] [ch_x_0] overwrite tail of fifo
[2019-06-21 11:23:40.114902] [NOTICE] [ch_x_0] overwrite tail of fifo
[2019-06-21 11:23:40.135685] [NOTICE] [ch_x_0] overwrite tail of fifo
[2019-06-21 11:23:40.156795] [NOTICE] [ch_x_0] overwrite tail of fifo
[2019-06-21 11:23:40.177960] [NOTICE] [ch_x_0] overwrite tail of fifo
[2019-06-21 11:23:40.198797] [NOTICE] [net_A_0] send termination notice to neighbours
[2019-06-21 11:23:40.198876] [NOTICE] [net_A_0] cleanup net
[2019-06-21 11:23:40.198909] [NOTICE] [net_A_0] terminate net
[2019-06-21 11:23:40.225760] [NOTICE] [net_B_1] send termination notice to neighbours
[2019-06-21 11:23:40.225827] [NOTICE] [net_B_1] cleanup net
[2019-06-21 11:23:40.225891] [NOTICE] [net_B_1] terminate net
[2019-06-21 11:23:40.226086] [NOTICE] [main] end main thread
