[2019-06-21 10:07:23.853637] [NOTICE] [main] start thread main
[2019-06-21 10:07:23.853779] [NOTICE] [net_A2_1] init net
[2019-06-21 10:07:23.853815] [NOTICE] [net_B_3] init net
[2019-06-21 10:07:23.853849] [NOTICE] [net_A1_0] init net
[2019-06-21 10:07:23.853890] [NOTICE] [net_smx_rn_2] init net
[2019-06-21 10:07:23.853904] [NOTICE] [net_A2_1] start net
[2019-06-21 10:07:23.853924] [NOTICE] [net_A1_0] start net
[2019-06-21 10:07:23.853936] [NOTICE] [net_smx_rn_2] start net
[2019-06-21 10:07:23.854007] [NOTICE] [net_B_3] start net
[2019-06-21 10:07:23.993465] [NOTICE] [net_A1_0] send termination notice to neighbours
[2019-06-21 10:07:23.993509] [NOTICE] [net_A1_0] cleanup net
[2019-06-21 10:07:23.993529] [NOTICE] [net_A1_0] terminate net
[2019-06-21 10:07:23.994168] [NOTICE] [net_A2_1] send termination notice to neighbours
[2019-06-21 10:07:23.994200] [NOTICE] [net_A2_1] cleanup net
[2019-06-21 10:07:23.994212] [NOTICE] [net_A2_1] terminate net
[2019-06-21 10:07:23.994218] [NOTICE] [net_smx_rn_2] send termination notice to neighbours
[2019-06-21 10:07:23.994253] [NOTICE] [net_smx_rn_2] cleanup net
[2019-06-21 10:07:23.994261] [NOTICE] [net_B_3] send termination notice to neighbours
[2019-06-21 10:07:23.994270] [NOTICE] [net_smx_rn_2] terminate net
[2019-06-21 10:07:23.994277] [NOTICE] [net_B_3] cleanup net
[2019-06-21 10:07:23.994301] [NOTICE] [net_B_3] terminate net
[2019-06-21 10:07:23.994331] [NOTICE] [main] end main thread
[2019-06-21 10:56:04.106713] [NOTICE] [main] start thread main
[2019-06-21 10:56:04.107358] [NOTICE] [net_A1_0] init net
[2019-06-21 10:56:04.107525] [NOTICE] [net_A2_1] init net
[2019-06-21 10:56:04.107688] [NOTICE] [net_smx_rn_2] init net
[2019-06-21 10:56:04.107893] [NOTICE] [net_B_3] init net
[2019-06-21 10:56:04.108061] [NOTICE] [net_A1_0] start net
[2019-06-21 10:56:04.108120] [NOTICE] [net_B_3] start net
[2019-06-21 10:56:04.108164] [NOTICE] [net_smx_rn_2] start net
[2019-06-21 10:56:04.108265] [NOTICE] [net_A2_1] start net
[2019-06-21 10:56:04.381538] [NOTICE] [net_A2_1] send termination notice to neighbours
[2019-06-21 10:56:04.381585] [NOTICE] [net_A2_1] cleanup net
[2019-06-21 10:56:04.381598] [NOTICE] [net_A2_1] terminate net
[2019-06-21 10:56:04.385489] [NOTICE] [net_A1_0] send termination notice to neighbours
[2019-06-21 10:56:04.385529] [NOTICE] [net_A1_0] cleanup net
[2019-06-21 10:56:04.385542] [NOTICE] [net_A1_0] terminate net
[2019-06-21 10:56:04.385550] [NOTICE] [net_smx_rn_2] send termination notice to neighbours
[2019-06-21 10:56:04.385583] [NOTICE] [net_smx_rn_2] cleanup net
[2019-06-21 10:56:04.385590] [NOTICE] [net_B_3] send termination notice to neighbours
[2019-06-21 10:56:04.385600] [NOTICE] [net_smx_rn_2] terminate net
[2019-06-21 10:56:04.385607] [NOTICE] [net_B_3] cleanup net
[2019-06-21 10:56:04.385632] [NOTICE] [net_B_3] terminate net
[2019-06-21 10:56:04.385664] [NOTICE] [main] end main thread
[2019-06-21 11:21:53.041064] [NOTICE] [main] start thread main
[2019-06-21 11:21:53.041541] [NOTICE] [net_A1_0] init net
[2019-06-21 11:21:53.041713] [NOTICE] [net_A2_1] init net
[2019-06-21 11:21:53.041866] [NOTICE] [net_smx_rn_2] init net
[2019-06-21 11:21:53.042035] [NOTICE] [net_B_3] init net
[2019-06-21 11:21:53.042185] [NOTICE] [net_B_3] start net
[2019-06-21 11:21:53.042227] [NOTICE] [net_A1_0] start net
[2019-06-21 11:21:53.042272] [NOTICE] [net_A2_1] start net
[2019-06-21 11:21:53.042383] [NOTICE] [net_smx_rn_2] start net
[2019-06-21 11:21:53.191739] [NOTICE] [net_A2_1] send termination notice to neighbours
[2019-06-21 11:21:53.191787] [NOTICE] [net_A2_1] cleanup net
[2019-06-21 11:21:53.191802] [NOTICE] [net_A2_1] terminate net
[2019-06-21 11:21:53.192079] [NOTICE] [net_A1_0] send termination notice to neighbours
[2019-06-21 11:21:53.192104] [NOTICE] [net_A1_0] cleanup net
[2019-06-21 11:21:53.192117] [NOTICE] [net_A1_0] terminate net
[2019-06-21 11:21:53.192129] [NOTICE] [net_smx_rn_2] send termination notice to neighbours
[2019-06-21 11:21:53.192158] [NOTICE] [net_smx_rn_2] cleanup net
[2019-06-21 11:21:53.192166] [NOTICE] [net_B_3] send termination notice to neighbours
[2019-06-21 11:21:53.192182] [NOTICE] [net_smx_rn_2] terminate net
[2019-06-21 11:21:53.192189] [NOTICE] [net_B_3] cleanup net
[2019-06-21 11:21:53.192209] [NOTICE] [net_B_3] terminate net
[2019-06-21 11:21:53.192237] [NOTICE] [main] end main thread
[2019-06-21 11:23:39.485036] [NOTICE] [main] start thread main
[2019-06-21 11:23:39.485143] [NOTICE] [net_A2_1] init net
[2019-06-21 11:23:39.485203] [NOTICE] [net_A1_0] init net
[2019-06-21 11:23:39.485236] [NOTICE] [net_smx_rn_2] init net
[2019-06-21 11:23:39.485265] [NOTICE] [net_B_3] init net
[2019-06-21 11:23:39.485301] [NOTICE] [net_B_3] start net
[2019-06-21 11:23:39.485309] [NOTICE] [net_A2_1] start net
[2019-06-21 11:23:39.485316] [NOTICE] [net_A1_0] start net
[2019-06-21 11:23:39.485323] [NOTICE] [net_smx_rn_2] start net
[2019-06-21 11:23:39.616489] [NOTICE] [net_A1_0] send termination notice to neighbours
[2019-06-21 11:23:39.616533] [NOTICE] [net_A1_0] cleanup net
[2019-06-21 11:23:39.616546] [NOTICE] [net_A1_0] terminate net
[2019-06-21 11:23:39.617788] [NOTICE] [net_A2_1] send termination notice to neighbours
[2019-06-21 11:23:39.617811] [NOTICE] [net_A2_1] cleanup net
[2019-06-21 11:23:39.617822] [NOTICE] [net_A2_1] terminate net
[2019-06-21 11:23:39.617829] [NOTICE] [net_smx_rn_2] send termination notice to neighbours
[2019-06-21 11:23:39.617864] [NOTICE] [net_smx_rn_2] cleanup net
[2019-06-21 11:23:39.617871] [NOTICE] [net_B_3] send termination notice to neighbours
[2019-06-21 11:23:39.617880] [NOTICE] [net_smx_rn_2] terminate net
[2019-06-21 11:23:39.617886] [NOTICE] [net_B_3] cleanup net
[2019-06-21 11:23:39.617910] [NOTICE] [net_B_3] terminate net
[2019-06-21 11:23:39.617938] [NOTICE] [main] end main thread
